26173
23179
32620
10492
31127
25180
17927
20087
16962
19760
15779
19724
4001
24049
13824
32478
21631
10996
13879
31799
12592
3867
3402
12352
22753
21890
4767
23170
23988
32066
6391
21313
2024
12364
30013
12112
2790
23337
32175
4778
7164
26194
12484
20498
4110
12314
10653
24323
6611
8359
2595
14978
29023
23874
25095
31783
4240
12219
28804
7635
12621
929
24328
25862
16037
25467
20048
6329
22971
12274
4897
1026
30474
1143
18266
5312
1707
29736
2915
28569
29666
6349
5658
13401
1576
2400
11881
18034
2154
14346
30340
8633
10966
29492
7031
17674
20529
4878
7845
7065
31773
6448
20632
19001
10425
18732
8175
16277
28526
16228
3341
11779
28486
4715
831
17244
8090
21676
6273
25435
10066
5793
29862
27787
27118
14852
3810
18499
24629
4111
3000
12341
4530
31682
17968
14074
543
26743
4587
31917
30128
12863
31803
24266
22077
5759
11061
26066
27342
22279
25951
25682
7536
20693
8516
15553
28323
12994
2885
11325
12265
13048
2323
1671
23356
7305
13739
6766
23434
27096
16666
15208
29577
23932
12193
18308
22278
32588
4439
3030
27927
17712
9347
12920
16804
7165
20220
19026
826
11464
14074
13103
355
21831
26964
23844
4511
907
26834
29312
22775
24094
23976
6331
28954
4227
12466
14490
21557
13920
4590
21542
25457
26480
13218
7993
8586
4698
12652
22849
24035
9577
20240
20085
14711
28016
2083
299
22620
13733
12630
21507
12364
4956
14675
20512
13249
7444
26563
24777
29611
15247
31836
8712
6136
25924
8405
22485
9192
6517
30348
14008
17727
24056
27913
15699
24164
13929
30392
19186
2087
364
6162
528
17952
1587
11670
6918
23635
10679
25619
14487
1246
17126
15863
164
26565
31113
12812
29426
18603
522
13996
429
16775
25043
14720
14586
31992
17386
32528
13233
31071
10608
17490
16163
27241
19478
3492
13195
11582
167
2197
18975
31384
17860
5229
10327
14821
15965
9328
2627
21437
27392
405
11695
4440
21174
29088
3469
28337
20015
14330
17406
30738
14508
22224
11627
3244
17569
30098
31785
1709
6694
25196
30086
25347
6299
16085
21458
8285
26489
1335
15109
27498
18504
16058
26310
4161
22342
26094
4236
10434
5156
25922
1846
12005
6697
6591
2304
1189
8162
27191
24511
10601
22736
30292
12834
31207
23657
15940
14090
16360
24832
25929
28900
20174
5017
29145
2921
29952
7275
1631
32202
14004
3649
28839
7354
7040
13458
9744
9920
15239
30437
2592
1183
11756
127
13543
20291
777
25041
15911
15085
26352
28087
14034
13014
14376
2257
4126
20525
32359
29340
178
19918
23896
2611
25746
23488
24757
12912
31015
11948
30678
23020
14673
12898
6591
3340
27642
5289
4990
23788
18858
29335
18825
25789
30007
7237
15953
750
8989
29596
12097
11106
24230
9915
4345
32275
17568
14896
26362
1163
26228
30323
22101
3598
4208
27454
28313
13113
11931
29751
4263
26012
17247
25166
15648
13024
15549
15735
9936
18021
22061
18229
9804
31574
27854
238
19511
31078
14283
13228
6358
19583
31248
264
21210
7512
17746
24984
26106
11754
2751
23748
9204
6701
12080
15097
30483
13209
23468
16209
10812
9083
2098
19306
27942
2825
11111
5768
22908
7417
20094
29315
19010
3631
20646
25947
32614
19964
31788
29743
3403
31718
29556
31442
18640
5171
21429
19654
11240
13035
10829
30153
5331
17980
27284
30180
26925
21716
18181
26727
1291
16266
14862
17562
5487
28875
24750
2484
13879
2114
32593
16922
29917
12131
15061
10895
26701
18582
15710
6801
21545
5824
24799
6554
1017
8842
21239
29555
22707
32675
31907
21447
31110
30679
30050
5296
1531
23546
10402
31220
24524
6288
19629
12359
14882
26741
6851
19871
23305
20596
18672
9732
3048
21253
15219
18122
10824
8447
3662
23193
12982
1020
13430
27426
20972
1544
15443
7395
10304
13784
9457
2895
7364
26009
20440
6383
10975
15325
27021
30800
27889
29328
2476
19094
23303
28912
27405
19541
5861
29190
11892
32441
20191
12563
31071
30645
19771
32056
2059
14105
10344
31680
15477
22728
3527
12630
18704
30552
29369
10460
17879
20262
4051
5800
13272
18996
18173
25868
15617
12558
18429
22702
11984
5071
7623
15538
4613
16016
13021
1371
18590
15065
14181
29526
17843
14840
822
29094
30468
28037
4771
13518
24145
21873
8826
11823
26253
23871
9496
26593
6882
16363
14591
10207
23708
15200
24937
25375
20122
10813
23481
28132
25663
12728
23083
4774
11628
17106
9344
4646
15344
21434
5481
18923
7699
13879
9108
5298
20616
24928
15255
22793
9379
4409
21606
16036
22698
21672
14211
18771
4989
15893
6052
19182
989
17944
8427
31207
20858
28935
24691
25944
4462
2318
14320
15930
10228
21337
17940
124
2170
23913
16465
9157
6127
28249
20513
22894
31745
28180
6935
22321
28293
5847
10856
15964
25785
20288
12376
12920
11542
15003
28268
14938
7858
31596
7049
4341
29048
18746
16737
28244
7263
23321
31016
1168
23695
25940
6318
25920
10612
20095
11359
22172
27911
13994
9713
6622
23530
15751
11499
7430
16841
10288
6359
10344
29098
601
16503
31439
31199
28533
7869
13351
15850
4025
4454
3938
6125
9779
8995
110
32319
31573
25266
17298
869
8234
24541
21875
13755
16217
16197
2862
11282
9150
14395
28203
8581
20459
27669
1135
27857
20730
3283
18039
32047
14353
6551
23902
7219
30376
26166
5692
29324
32230
21740
5378
5266
22496
812
6554
1011
3701
16830
29306
29706
24319
27677
11854
21177
16502
23363
22795
3393
29125
1126
7863
20999
234
13011
25328
14238
10929
2413
9042
13212
32187
11883
19757
3572
26871
20210
8529
1031
3888
14608
27203
6975
28746
20478
2256
23300
15267
4176
4756
22217
22157
4239
28029
22273
10481
7468
23895
20589
28505
6628
30925
5724
11510
8342
4232
32751
25355
14592
30787
16367
1159
31963
26621
28502
20100
30515
23455
31241
1528
11432
9298
23991
25060
6422
6839
7865
12343
6225
13417
1912
6887
28712
6831
4477
27894
26488
7470
4268
15429
9498
2611
22035
16271
29560
6071
11054
8001
8116
6846
23203
10555
10144
21838
19856
30721
20181
16183
23431
16717
30587
21191
10196
10043
19130
17605
2804
25254
23894
25738
21127
25424
22954
24298
3401
22628
14278
26688
5012
13831
